2021-08-10 08:14:10 INFO  Log4j:13 - Test is Ending...
2021-08-10 08:17:35 INFO  Log4j:13 - Test is Ending...
2021-08-10 08:23:21 INFO  Log4j:13 - Test is Ending...
2021-08-10 08:36:10 INFO  Log4j:13 - Test is Ending...
2021-08-10 08:37:33 INFO  Log4j:13 - Test is Ending...
2021-08-10 08:38:30 INFO  Log4j:13 - Test is Ending...
2021-08-10 08:39:19 INFO  Log4j:8 - Test is Starting...
2021-08-10 08:39:22 INFO  Log4j:18 - Opening Page : https://test.mobilhanem.com.tr/registration/
2021-08-10 08:39:22 INFO  Log4j:18 - User Name :aybuke
2021-08-10 08:39:22 INFO  Log4j:18 - Email :sevdeaybuke1@hotmail.com
2021-08-10 08:39:23 INFO  Log4j:18 - Confirm Email :sevdeaybuke@hotmail.com
2021-08-10 08:39:23 ERROR Log4j:28 - Mismatch EMail
2021-08-10 08:39:33 INFO  Log4j:13 - Test is Ending...
2021-08-10 08:41:35 INFO  Log4j:8 - Test is Starting...
2021-08-10 08:41:37 INFO  Log4j:18 - Opening Page : https://test.mobilhanem.com.tr/registration/
2021-08-10 08:41:37 INFO  Log4j:18 - User Name :aybuke
2021-08-10 08:41:37 INFO  Log4j:18 - Email :sevdeaybuke1@hotmail.com
2021-08-10 08:41:38 INFO  Log4j:18 - Confirm Email :sevdeaybuke@hotmail.com
2021-08-10 08:41:38 ERROR Log4j:28 - Mismatch EMail
2021-08-10 08:41:48 INFO  Log4j:13 - Test is Ending...
2021-08-10 08:54:45 INFO  Log4j:8 - Test is Starting...
2021-08-10 08:54:49 INFO  Log4j:18 - this is a info message
2021-08-10 08:54:49 INFO  Log4j:18 - this is a info message
2021-08-10 08:54:49 INFO  Log4j:18 - this is a info message
2021-08-10 08:54:50 INFO  Log4j:18 - this is a info message
2021-08-10 08:54:50 ERROR Log4j:28 - this is a info message
2021-08-10 08:55:00 INFO  Log4j:13 - Test is Ending...
2021-08-10 09:02:06 INFO  Log4j:8 - Test is Starting...
2021-08-10 09:02:07 INFO  Log4j:18 - Opening Page : https://test.mobilhanem.com.tr/registration/
2021-08-10 09:02:08 INFO  Log4j:18 - User Name :aybuke
2021-08-10 09:02:08 INFO  Log4j:18 - Email :sevdeaybuke1@hotmail.com
2021-08-10 09:02:08 INFO  Log4j:18 - Confirm Email :sevdeaybuke@hotmail.com
2021-08-10 09:02:08 ERROR Log4j:28 - Mismatch EMail
2021-08-10 09:02:12 INFO  Log4j:13 - Test is Ending...
